<?xml version="1.0" encoding="UTF-8"?>
<!-- Generated by org.testng.reporters.JUnitXMLReporter -->
<testsuite hostname="LAPTOP-INV4FEQ8" ignored="0" name="Test" tests="9" failures="0" timestamp="2022-05-26T22:41:37 EDT" time="7.247" errors="0">
  <testcase name="testcase1" time="4.739" classname="testnxml_understanding.ParallelPart1"/>
  <testcase name="testcase1" time="5.927" classname="testnxml_understanding.ParallelPart1"/>
  <testcase name="testcase1" time="6.156" classname="testnxml_understanding.ParallelPart1"/>
  <testcase name="testcase2" time="6.566" classname="testnxml_understanding.ParallelPart1"/>
  <testcase name="testcase2" time="6.81" classname="testnxml_understanding.ParallelPart1"/>
  <testcase name="testcase3" time="6.854" classname="testnxml_understanding.ParallelPart1"/>
  <testcase name="testcase3" time="6.898" classname="testnxml_understanding.ParallelPart1"/>
  <testcase name="testcase3" time="7.198" classname="testnxml_understanding.ParallelPart1"/>
  <testcase name="testcase2" time="7.235" classname="testnxml_understanding.ParallelPart1"/>
</testsuite> <!-- Test -->
