<?xml version="1.0" encoding="UTF-8"?>
<!-- Generated by org.testng.reporters.JUnitXMLReporter -->
<testsuite hostname="LAPTOP-INV4FEQ8" ignored="0" name="Assertion_Concept Test" tests="4" failures="0" timestamp="2022-05-26T22:41:29 EDT" time="0.014" errors="0">
  <testcase name="a" time="0.006" classname="testng_basics.Assertion_Concept"/>
  <testcase name="b" time="0.001" classname="testng_basics.Assertion_Concept"/>
  <testcase name="c" time="0.001" classname="testng_basics.Assertion_Concept"/>
  <testcase name="d" time="0.001" classname="testng_basics.Assertion_Concept"/>
</testsuite> <!-- Assertion_Concept Test -->
