<?xml version="1.0" encoding="UTF-8"?>
<!-- Generated by org.testng.reporters.JUnitXMLReporter -->
<testsuite hostname="LAPTOP-INV4FEQ8" ignored="0" name="Concepts_DataProvider Test" tests="3" failures="0" timestamp="2022-05-26T22:41:29 EDT" time="0.013" errors="0">
  <testcase name="RegisterNewUser" time="0.001" classname="testng_basics.Concepts_DataProvider"/>
  <testcase name="RegisterNewUser" time="0.0" classname="testng_basics.Concepts_DataProvider"/>
  <testcase name="RegisterNewUser" time="0.001" classname="testng_basics.Concepts_DataProvider"/>
</testsuite> <!-- Concepts_DataProvider Test -->
