<?xml version="1.0" encoding="UTF-8"?>
<!-- Generated by org.testng.reporters.JUnitXMLReporter -->
<testsuite hostname="LAPTOP-INV4FEQ8" ignored="0" name="ITestContext_Concepts Test" tests="3" failures="0" timestamp="2022-05-26T22:41:29 EDT" time="0.009" errors="0">
  <testcase name="exit" time="0.002" classname="testng_basics.ITestContext_Concepts"/>
  <testcase name="loginCred" time="0.001" classname="testng_basics.ITestContext_Concepts"/>
  <testcase name="init" time="0.0" classname="testng_basics.ITestContext_Concepts"/>
</testsuite> <!-- ITestContext_Concepts Test -->
