<?xml version="1.0" encoding="UTF-8"?>
<!-- Generated by org.testng.reporters.JUnitXMLReporter -->
<testsuite hostname="LAPTOP-INV4FEQ8" ignored="0" name="Rediff_Code Test" tests="3" failures="0" timestamp="2022-05-26T22:41:29 EDT" time="5.043" errors="0">
  <testcase name="initializeWebDriver" time="1.027" classname="testng_basics.Rediff_Code"/>
  <testcase name="launchRediff" time="3.961" classname="testng_basics.Rediff_Code"/>
  <testcase name="tierDown" time="0.048" classname="testng_basics.Rediff_Code"/>
</testsuite> <!-- Rediff_Code Test -->
