<?xml version="1.0" encoding="UTF-8"?>
<!-- Generated by org.testng.reporters.JUnitXMLReporter -->
<testsuite hostname="LAPTOP-INV4FEQ8" ignored="1" name="Rediff_TestNG_WithValidation Test" tests="2" failures="0" timestamp="2022-05-26T22:41:24 EDT" time="8.879" errors="0">
  <testcase name="validateLandingPage" time="0.007" classname="testng_basics.Rediff_TestNG_WithValidation"/>
  <testcase name="validateSignInLink" time="5.398" classname="testng_basics.Rediff_TestNG_WithValidation"/>
  <testcase name="validateLoginPage" time="0.0" classname="testng_basics.Rediff_TestNG_WithValidation">
    <ignored/>
  </testcase> <!-- validateLoginPage -->
</testsuite> <!-- Rediff_TestNG_WithValidation Test -->
