<?xml version="1.0" encoding="UTF-8"?>
<!-- Generated by org.testng.reporters.JUnitXMLReporter -->
<testsuite hostname="LAPTOP-INV4FEQ8" ignored="0" name="Special_TestNG Test" tests="3" failures="0" timestamp="2022-05-26T22:41:24 EDT" time="0.008" errors="0">
  <testcase name="test1" time="0.001" classname="testng_basics.Special_TestNG"/>
  <testcase name="test2" time="0.001" classname="testng_basics.Special_TestNG"/>
  <testcase name="test3" time="0.0" classname="testng_basics.Special_TestNG"/>
</testsuite> <!-- Special_TestNG Test -->
