<?xml version="1.0" encoding="UTF-8"?>
<!-- Generated by org.testng.reporters.JUnitXMLReporter -->
<testsuite hostname="LAPTOP-INV4FEQ8" ignored="0" name="Test" tests="5" failures="0" timestamp="2022-05-26T22:36:08 EDT" time="0.108" errors="0">
  <testcase name="tc1" time="0.016" classname="testnxml_understanding.Groups_Concepts"/>
  <testcase name="tc2" time="0.002" classname="testnxml_understanding.Groups_Concepts"/>
  <testcase name="tc3" time="0.001" classname="testnxml_understanding.Groups_Concepts"/>
  <testcase name="tc4" time="0.008" classname="testnxml_understanding.Groups_Concepts"/>
  <testcase name="tc5" time="0.002" classname="testnxml_understanding.Groups_Concepts"/>
</testsuite> <!-- Test -->
