<?xml version="1.0" encoding="UTF-8"?>
<!-- Generated by org.testng.reporters.JUnitXMLReporter -->
<testsuite hostname="LAPTOP-INV4FEQ8" ignored="1" name="Parameterization Test" tests="2" failures="2" timestamp="2022-05-26T22:09:10 EDT" time="0.9" errors="0">
  <testcase name="launchRediffWithFirefox" time="0.817" classname="testnxml_understanding.Rediff_TestNG_Parameterized">
    <failure type="java.lang.NullPointerException">
      <![CDATA[java.lang.NullPointerException
at testnxml_understanding.Rediff_TestNG_Parameterized.launchRediffWithFirefox(Rediff_TestNG_Parameterized.java:42)
at java.util.concurrent.FutureTask.run(FutureTask.java:266)
at java.util.concurrent.ThreadPoolExecutor.runWorker(ThreadPoolExecutor.java:1149)
at java.util.concurrent.ThreadPoolExecutor$Worker.run(ThreadPoolExecutor.java:624)
at java.lang.Thread.run(Thread.java:748)
... Removed 13 stack frames]]>
    </failure>
  </testcase> <!-- launchRediffWithFirefox -->
  <testcase name="launchRediffWithFirefox" time="0.817" classname="testnxml_understanding.Rediff_TestNG_Parameterized">
    <failure type="java.lang.NullPointerException">
      <![CDATA[java.lang.NullPointerException
at testnxml_understanding.Rediff_TestNG_Parameterized.launchRediffWithFirefox(Rediff_TestNG_Parameterized.java:42)
at java.util.concurrent.FutureTask.run(FutureTask.java:266)
at java.util.concurrent.ThreadPoolExecutor.runWorker(ThreadPoolExecutor.java:1149)
at java.util.concurrent.ThreadPoolExecutor$Worker.run(ThreadPoolExecutor.java:624)
at java.lang.Thread.run(Thread.java:748)
... Removed 13 stack frames]]>
    </failure>
  </testcase> <!-- launchRediffWithFirefox -->
  <testcase name="launchRediffWithChrome" time="0.0" classname="testnxml_understanding.Rediff_TestNG_Parameterized">
    <ignored/>
  </testcase> <!-- launchRediffWithChrome -->
</testsuite> <!-- Parameterization Test -->
