<?xml version="1.0" encoding="UTF-8"?>
<!-- Generated by org.testng.reporters.JUnitXMLReporter -->
<testsuite hostname="LAPTOP-INV4FEQ8" ignored="1" name="Test" tests="4" failures="0" timestamp="2022-05-26T22:41:29 EDT" time="0.008" errors="0">
  <testcase name="tc1" time="0.001" classname="testnxml_understanding.Groups_Concepts"/>
  <testcase name="tc2" time="0.0" classname="testnxml_understanding.Groups_Concepts"/>
  <testcase name="tc3" time="0.001" classname="testnxml_understanding.Groups_Concepts"/>
  <testcase name="tc4" time="0.001" classname="testnxml_understanding.Groups_Concepts"/>
  <testcase name="tc5" time="0.0" classname="testnxml_understanding.Groups_Concepts">
    <ignored/>
  </testcase> <!-- tc5 -->
</testsuite> <!-- Test -->
