<?xml version="1.0" encoding="UTF-8"?>
<!-- Generated by org.testng.reporters.JUnitXMLReporter -->
<testsuite hostname="LAPTOP-INV4FEQ8" ignored="0" name="PracticeTest" tests="4" failures="0" timestamp="2022-05-26T20:19:42 EDT" time="0.093" errors="0">
  <testcase name="case1" time="0.015" classname="testnxml_understanding.Create_TestnNGXML_File"/>
  <testcase name="case2" time="0.002" classname="testnxml_understanding.Create_TestnNGXML_File"/>
  <testcase name="case3" time="0.002" classname="testnxml_understanding.Create_TestnNGXML_File"/>
  <testcase name="case4" time="0.002" classname="testnxml_understanding.Create_TestnNGXML_File"/>
</testsuite> <!-- PracticeTest -->
